=== 2026-06-13 02:45:03 import-extras: node /Users/charliemcconnell/ttlock-auto-codes/IT/channel-manager/db/import-extras.mjs
extras-requests.csv not found. Looked in:
  /Users/charliemcconnell/ttlock-auto-codes/IT/channel-manager/.data/extras-requests.csv
  /Users/charliemcconnell/ttlock-auto-codes/.data/extras-requests.csv
  /Users/charliemcconnell/ttlock-auto-codes/special quote/.data/extras-requests.csv
=== 2026-06-13 02:45:03 import-extras: exit 1
=== 2026-06-13 03:00:05 import-extras: node /Users/charliemcconnell/ttlock-auto-codes/IT/channel-manager/db/import-extras.mjs
extras-requests.csv not found. Looked in:
  /Users/charliemcconnell/ttlock-auto-codes/IT/channel-manager/.data/extras-requests.csv
  /Users/charliemcconnell/ttlock-auto-codes/.data/extras-requests.csv
  /Users/charliemcconnell/ttlock-auto-codes/special quote/.data/extras-requests.csv
=== 2026-06-13 03:00:05 import-extras: exit 1
=== 2026-06-13 03:15:03 import-extras: node /Users/charliemcconnell/ttlock-auto-codes/IT/channel-manager/db/import-extras.mjs
extras-requests.csv not found. Looked in:
  /Users/charliemcconnell/ttlock-auto-codes/IT/channel-manager/.data/extras-requests.csv
  /Users/charliemcconnell/ttlock-auto-codes/.data/extras-requests.csv
  /Users/charliemcconnell/ttlock-auto-codes/special quote/.data/extras-requests.csv
=== 2026-06-13 03:15:04 import-extras: exit 1
=== 2026-06-13 03:30:00 import-extras: node /Users/charliemcconnell/ttlock-auto-codes/IT/channel-manager/db/import-extras.mjs
extras-requests.csv not found. Looked in:
  /Users/charliemcconnell/ttlock-auto-codes/IT/channel-manager/.data/extras-requests.csv
  /Users/charliemcconnell/ttlock-auto-codes/.data/extras-requests.csv
  /Users/charliemcconnell/ttlock-auto-codes/special quote/.data/extras-requests.csv
=== 2026-06-13 03:30:00 import-extras: exit 1
=== 2026-06-13 03:45:03 import-extras: node /Users/charliemcconnell/ttlock-auto-codes/IT/channel-manager/db/import-extras.mjs
extras-requests.csv not found. Looked in:
  /Users/charliemcconnell/ttlock-auto-codes/IT/channel-manager/.data/extras-requests.csv
  /Users/charliemcconnell/ttlock-auto-codes/.data/extras-requests.csv
  /Users/charliemcconnell/ttlock-auto-codes/special quote/.data/extras-requests.csv
=== 2026-06-13 03:45:03 import-extras: exit 1
=== 2026-06-13 04:00:05 import-extras: node /Users/charliemcconnell/ttlock-auto-codes/IT/channel-manager/db/import-extras.mjs
extras-requests.csv not found. Looked in:
  /Users/charliemcconnell/ttlock-auto-codes/IT/channel-manager/.data/extras-requests.csv
  /Users/charliemcconnell/ttlock-auto-codes/.data/extras-requests.csv
  /Users/charliemcconnell/ttlock-auto-codes/special quote/.data/extras-requests.csv
=== 2026-06-13 04:00:05 import-extras: exit 1
=== 2026-06-13 04:15:03 import-extras: node /Users/charliemcconnell/ttlock-auto-codes/IT/channel-manager/db/import-extras.mjs
extras-requests.csv not found. Looked in:
  /Users/charliemcconnell/ttlock-auto-codes/IT/channel-manager/.data/extras-requests.csv
  /Users/charliemcconnell/ttlock-auto-codes/.data/extras-requests.csv
  /Users/charliemcconnell/ttlock-auto-codes/special quote/.data/extras-requests.csv
=== 2026-06-13 04:15:03 import-extras: exit 1
=== 2026-06-13 04:30:04 import-extras: node /Users/charliemcconnell/ttlock-auto-codes/IT/channel-manager/db/import-extras.mjs
extras-requests.csv not found. Looked in:
  /Users/charliemcconnell/ttlock-auto-codes/IT/channel-manager/.data/extras-requests.csv
  /Users/charliemcconnell/ttlock-auto-codes/.data/extras-requests.csv
  /Users/charliemcconnell/ttlock-auto-codes/special quote/.data/extras-requests.csv
=== 2026-06-13 04:30:05 import-extras: exit 1
=== 2026-06-13 04:45:03 import-extras: node /Users/charliemcconnell/ttlock-auto-codes/IT/channel-manager/db/import-extras.mjs
extras-requests.csv not found. Looked in:
  /Users/charliemcconnell/ttlock-auto-codes/IT/channel-manager/.data/extras-requests.csv
  /Users/charliemcconnell/ttlock-auto-codes/.data/extras-requests.csv
  /Users/charliemcconnell/ttlock-auto-codes/special quote/.data/extras-requests.csv
=== 2026-06-13 04:45:03 import-extras: exit 1
=== 2026-06-13 05:00:05 import-extras: node /Users/charliemcconnell/ttlock-auto-codes/IT/channel-manager/db/import-extras.mjs
extras-requests.csv not found. Looked in:
  /Users/charliemcconnell/ttlock-auto-codes/IT/channel-manager/.data/extras-requests.csv
  /Users/charliemcconnell/ttlock-auto-codes/.data/extras-requests.csv
  /Users/charliemcconnell/ttlock-auto-codes/special quote/.data/extras-requests.csv
=== 2026-06-13 05:00:05 import-extras: exit 1
=== 2026-06-13 05:15:01 import-extras: node /Users/charliemcconnell/ttlock-auto-codes/IT/channel-manager/db/import-extras.mjs
extras-requests.csv not found. Looked in:
  /Users/charliemcconnell/ttlock-auto-codes/IT/channel-manager/.data/extras-requests.csv
  /Users/charliemcconnell/ttlock-auto-codes/.data/extras-requests.csv
  /Users/charliemcconnell/ttlock-auto-codes/special quote/.data/extras-requests.csv
=== 2026-06-13 05:15:01 import-extras: exit 1
=== 2026-06-13 05:30:01 import-extras: node /Users/charliemcconnell/ttlock-auto-codes/IT/channel-manager/db/import-extras.mjs
extras-requests.csv not found. Looked in:
  /Users/charliemcconnell/ttlock-auto-codes/IT/channel-manager/.data/extras-requests.csv
  /Users/charliemcconnell/ttlock-auto-codes/.data/extras-requests.csv
  /Users/charliemcconnell/ttlock-auto-codes/special quote/.data/extras-requests.csv
=== 2026-06-13 05:30:01 import-extras: exit 1
=== 2026-06-13 05:45:04 import-extras: node /Users/charliemcconnell/ttlock-auto-codes/IT/channel-manager/db/import-extras.mjs
extras-requests.csv not found. Looked in:
  /Users/charliemcconnell/ttlock-auto-codes/IT/channel-manager/.data/extras-requests.csv
  /Users/charliemcconnell/ttlock-auto-codes/.data/extras-requests.csv
  /Users/charliemcconnell/ttlock-auto-codes/special quote/.data/extras-requests.csv
=== 2026-06-13 05:45:04 import-extras: exit 1
=== 2026-06-13 06:00:04 import-extras: node /Users/charliemcconnell/ttlock-auto-codes/IT/channel-manager/db/import-extras.mjs
extras-requests.csv not found. Looked in:
  /Users/charliemcconnell/ttlock-auto-codes/IT/channel-manager/.data/extras-requests.csv
  /Users/charliemcconnell/ttlock-auto-codes/.data/extras-requests.csv
  /Users/charliemcconnell/ttlock-auto-codes/special quote/.data/extras-requests.csv
=== 2026-06-13 06:00:04 import-extras: exit 1
=== 2026-06-13 06:15:05 import-extras: node /Users/charliemcconnell/ttlock-auto-codes/IT/channel-manager/db/import-extras.mjs
extras-requests.csv not found. Looked in:
  /Users/charliemcconnell/ttlock-auto-codes/IT/channel-manager/.data/extras-requests.csv
  /Users/charliemcconnell/ttlock-auto-codes/.data/extras-requests.csv
  /Users/charliemcconnell/ttlock-auto-codes/special quote/.data/extras-requests.csv
=== 2026-06-13 06:15:05 import-extras: exit 1
=== 2026-06-13 06:30:04 import-extras: node /Users/charliemcconnell/ttlock-auto-codes/IT/channel-manager/db/import-extras.mjs
extras-requests.csv not found. Looked in:
  /Users/charliemcconnell/ttlock-auto-codes/IT/channel-manager/.data/extras-requests.csv
  /Users/charliemcconnell/ttlock-auto-codes/.data/extras-requests.csv
  /Users/charliemcconnell/ttlock-auto-codes/special quote/.data/extras-requests.csv
=== 2026-06-13 06:30:04 import-extras: exit 1
=== 2026-06-13 06:45:03 import-extras: node /Users/charliemcconnell/ttlock-auto-codes/IT/channel-manager/db/import-extras.mjs
extras-requests.csv not found. Looked in:
  /Users/charliemcconnell/ttlock-auto-codes/IT/channel-manager/.data/extras-requests.csv
  /Users/charliemcconnell/ttlock-auto-codes/.data/extras-requests.csv
  /Users/charliemcconnell/ttlock-auto-codes/special quote/.data/extras-requests.csv
=== 2026-06-13 06:45:03 import-extras: exit 1
=== 2026-06-13 07:00:04 import-extras: node /Users/charliemcconnell/ttlock-auto-codes/IT/channel-manager/db/import-extras.mjs
extras-requests.csv not found. Looked in:
  /Users/charliemcconnell/ttlock-auto-codes/IT/channel-manager/.data/extras-requests.csv
  /Users/charliemcconnell/ttlock-auto-codes/.data/extras-requests.csv
  /Users/charliemcconnell/ttlock-auto-codes/special quote/.data/extras-requests.csv
=== 2026-06-13 07:00:04 import-extras: exit 1
=== 2026-06-13 07:15:04 import-extras: node /Users/charliemcconnell/ttlock-auto-codes/IT/channel-manager/db/import-extras.mjs
extras-requests.csv not found. Looked in:
  /Users/charliemcconnell/ttlock-auto-codes/IT/channel-manager/.data/extras-requests.csv
  /Users/charliemcconnell/ttlock-auto-codes/.data/extras-requests.csv
  /Users/charliemcconnell/ttlock-auto-codes/special quote/.data/extras-requests.csv
=== 2026-06-13 07:15:04 import-extras: exit 1
=== 2026-06-13 07:30:02 import-extras: node /Users/charliemcconnell/ttlock-auto-codes/IT/channel-manager/db/import-extras.mjs
extras-requests.csv not found. Looked in:
  /Users/charliemcconnell/ttlock-auto-codes/IT/channel-manager/.data/extras-requests.csv
  /Users/charliemcconnell/ttlock-auto-codes/.data/extras-requests.csv
  /Users/charliemcconnell/ttlock-auto-codes/special quote/.data/extras-requests.csv
=== 2026-06-13 07:30:02 import-extras: exit 1
=== 2026-06-13 07:45:05 import-extras: node /Users/charliemcconnell/ttlock-auto-codes/IT/channel-manager/db/import-extras.mjs
extras-requests.csv not found. Looked in:
  /Users/charliemcconnell/ttlock-auto-codes/IT/channel-manager/.data/extras-requests.csv
  /Users/charliemcconnell/ttlock-auto-codes/.data/extras-requests.csv
  /Users/charliemcconnell/ttlock-auto-codes/special quote/.data/extras-requests.csv
=== 2026-06-13 07:45:05 import-extras: exit 1
=== 2026-06-13 08:00:04 import-extras: node /Users/charliemcconnell/ttlock-auto-codes/IT/channel-manager/db/import-extras.mjs
extras-requests.csv not found. Looked in:
  /Users/charliemcconnell/ttlock-auto-codes/IT/channel-manager/.data/extras-requests.csv
  /Users/charliemcconnell/ttlock-auto-codes/.data/extras-requests.csv
  /Users/charliemcconnell/ttlock-auto-codes/special quote/.data/extras-requests.csv
=== 2026-06-13 08:00:04 import-extras: exit 1
=== 2026-06-13 08:15:00 import-extras: node /Users/charliemcconnell/ttlock-auto-codes/IT/channel-manager/db/import-extras.mjs
extras-requests.csv not found. Looked in:
  /Users/charliemcconnell/ttlock-auto-codes/IT/channel-manager/.data/extras-requests.csv
  /Users/charliemcconnell/ttlock-auto-codes/.data/extras-requests.csv
  /Users/charliemcconnell/ttlock-auto-codes/special quote/.data/extras-requests.csv
=== 2026-06-13 08:15:00 import-extras: exit 1
=== 2026-06-13 08:30:03 import-extras: node /Users/charliemcconnell/ttlock-auto-codes/IT/channel-manager/db/import-extras.mjs
extras-requests.csv not found. Looked in:
  /Users/charliemcconnell/ttlock-auto-codes/IT/channel-manager/.data/extras-requests.csv
  /Users/charliemcconnell/ttlock-auto-codes/.data/extras-requests.csv
  /Users/charliemcconnell/ttlock-auto-codes/special quote/.data/extras-requests.csv
=== 2026-06-13 08:30:03 import-extras: exit 1
=== 2026-06-13 08:45:05 import-extras: node /Users/charliemcconnell/ttlock-auto-codes/IT/channel-manager/db/import-extras.mjs
extras-requests.csv not found. Looked in:
  /Users/charliemcconnell/ttlock-auto-codes/IT/channel-manager/.data/extras-requests.csv
  /Users/charliemcconnell/ttlock-auto-codes/.data/extras-requests.csv
  /Users/charliemcconnell/ttlock-auto-codes/special quote/.data/extras-requests.csv
=== 2026-06-13 08:45:05 import-extras: exit 1
=== 2026-06-13 09:00:05 import-extras: node /Users/charliemcconnell/ttlock-auto-codes/IT/channel-manager/db/import-extras.mjs
extras-requests.csv not found. Looked in:
  /Users/charliemcconnell/ttlock-auto-codes/IT/channel-manager/.data/extras-requests.csv
  /Users/charliemcconnell/ttlock-auto-codes/.data/extras-requests.csv
  /Users/charliemcconnell/ttlock-auto-codes/special quote/.data/extras-requests.csv
=== 2026-06-13 09:00:05 import-extras: exit 1
=== 2026-06-13 09:15:04 import-extras: node /Users/charliemcconnell/ttlock-auto-codes/IT/channel-manager/db/import-extras.mjs
extras-requests.csv not found. Looked in:
  /Users/charliemcconnell/ttlock-auto-codes/IT/channel-manager/.data/extras-requests.csv
  /Users/charliemcconnell/ttlock-auto-codes/.data/extras-requests.csv
  /Users/charliemcconnell/ttlock-auto-codes/special quote/.data/extras-requests.csv
=== 2026-06-13 09:15:04 import-extras: exit 1
=== 2026-06-13 09:30:00 import-extras: node /Users/charliemcconnell/ttlock-auto-codes/IT/channel-manager/db/import-extras.mjs
extras-requests.csv not found. Looked in:
  /Users/charliemcconnell/ttlock-auto-codes/IT/channel-manager/.data/extras-requests.csv
  /Users/charliemcconnell/ttlock-auto-codes/.data/extras-requests.csv
  /Users/charliemcconnell/ttlock-auto-codes/special quote/.data/extras-requests.csv
=== 2026-06-13 09:30:00 import-extras: exit 1
=== 2026-06-13 09:45:04 import-extras: node /Users/charliemcconnell/ttlock-auto-codes/IT/channel-manager/db/import-extras.mjs
extras-requests.csv not found. Looked in:
  /Users/charliemcconnell/ttlock-auto-codes/IT/channel-manager/.data/extras-requests.csv
  /Users/charliemcconnell/ttlock-auto-codes/.data/extras-requests.csv
  /Users/charliemcconnell/ttlock-auto-codes/special quote/.data/extras-requests.csv
=== 2026-06-13 09:45:04 import-extras: exit 1
=== 2026-06-13 10:00:01 import-extras: node /Users/charliemcconnell/ttlock-auto-codes/IT/channel-manager/db/import-extras.mjs
extras-requests.csv not found. Looked in:
  /Users/charliemcconnell/ttlock-auto-codes/IT/channel-manager/.data/extras-requests.csv
  /Users/charliemcconnell/ttlock-auto-codes/.data/extras-requests.csv
  /Users/charliemcconnell/ttlock-auto-codes/special quote/.data/extras-requests.csv
=== 2026-06-13 10:00:01 import-extras: exit 1
=== 2026-06-13 10:15:02 import-extras: node /Users/charliemcconnell/ttlock-auto-codes/IT/channel-manager/db/import-extras.mjs
extras-requests.csv not found. Looked in:
  /Users/charliemcconnell/ttlock-auto-codes/IT/channel-manager/.data/extras-requests.csv
  /Users/charliemcconnell/ttlock-auto-codes/.data/extras-requests.csv
  /Users/charliemcconnell/ttlock-auto-codes/special quote/.data/extras-requests.csv
=== 2026-06-13 10:15:02 import-extras: exit 1
=== 2026-06-13 10:30:02 import-extras: node /Users/charliemcconnell/ttlock-auto-codes/IT/channel-manager/db/import-extras.mjs
extras-requests.csv not found. Looked in:
  /Users/charliemcconnell/ttlock-auto-codes/IT/channel-manager/.data/extras-requests.csv
  /Users/charliemcconnell/ttlock-auto-codes/.data/extras-requests.csv
  /Users/charliemcconnell/ttlock-auto-codes/special quote/.data/extras-requests.csv
=== 2026-06-13 10:30:02 import-extras: exit 1
=== 2026-06-13 10:45:01 import-extras: node /Users/charliemcconnell/ttlock-auto-codes/IT/channel-manager/db/import-extras.mjs
extras-requests.csv not found. Looked in:
  /Users/charliemcconnell/ttlock-auto-codes/IT/channel-manager/.data/extras-requests.csv
  /Users/charliemcconnell/ttlock-auto-codes/.data/extras-requests.csv
  /Users/charliemcconnell/ttlock-auto-codes/special quote/.data/extras-requests.csv
=== 2026-06-13 10:45:01 import-extras: exit 1
=== 2026-06-13 11:00:02 import-extras: node /Users/charliemcconnell/ttlock-auto-codes/IT/channel-manager/db/import-extras.mjs
extras-requests.csv not found. Looked in:
  /Users/charliemcconnell/ttlock-auto-codes/IT/channel-manager/.data/extras-requests.csv
  /Users/charliemcconnell/ttlock-auto-codes/.data/extras-requests.csv
  /Users/charliemcconnell/ttlock-auto-codes/special quote/.data/extras-requests.csv
=== 2026-06-13 11:00:02 import-extras: exit 1
=== 2026-06-13 11:15:04 import-extras: node /Users/charliemcconnell/ttlock-auto-codes/IT/channel-manager/db/import-extras.mjs
extras-requests.csv not found (no extras submitted yet). Looked in:
  /Users/charliemcconnell/ttlock-auto-codes/IT/channel-manager/.data/extras-requests.csv
  /Users/charliemcconnell/ttlock-auto-codes/IT/booking-site/.data/extras-requests.csv
  /Users/charliemcconnell/ttlock-auto-codes/.data/extras-requests.csv
  /Users/charliemcconnell/ttlock-auto-codes/special quote/.data/extras-requests.csv
=== 2026-06-13 11:15:04 import-extras: exit 0
=== 2026-06-13 11:30:00 import-extras: node /Users/charliemcconnell/ttlock-auto-codes/IT/channel-manager/db/import-extras.mjs
extras-requests.csv not found (no extras submitted yet). Looked in:
  /Users/charliemcconnell/ttlock-auto-codes/IT/channel-manager/.data/extras-requests.csv
  /Users/charliemcconnell/ttlock-auto-codes/IT/booking-site/.data/extras-requests.csv
  /Users/charliemcconnell/ttlock-auto-codes/.data/extras-requests.csv
  /Users/charliemcconnell/ttlock-auto-codes/special quote/.data/extras-requests.csv
=== 2026-06-13 11:30:00 import-extras: exit 0
=== 2026-06-13 11:45:01 import-extras: node /Users/charliemcconnell/ttlock-auto-codes/IT/channel-manager/db/import-extras.mjs
extras-requests.csv not found (no extras submitted yet). Looked in:
  /Users/charliemcconnell/ttlock-auto-codes/IT/channel-manager/.data/extras-requests.csv
  /Users/charliemcconnell/ttlock-auto-codes/IT/booking-site/.data/extras-requests.csv
  /Users/charliemcconnell/ttlock-auto-codes/.data/extras-requests.csv
  /Users/charliemcconnell/ttlock-auto-codes/special quote/.data/extras-requests.csv
=== 2026-06-13 11:45:01 import-extras: exit 0
=== 2026-06-13 12:00:04 import-extras: node /Users/charliemcconnell/ttlock-auto-codes/IT/channel-manager/db/import-extras.mjs
extras-requests.csv not found (no extras submitted yet). Looked in:
  /Users/charliemcconnell/ttlock-auto-codes/IT/channel-manager/.data/extras-requests.csv
  /Users/charliemcconnell/ttlock-auto-codes/IT/booking-site/.data/extras-requests.csv
  /Users/charliemcconnell/ttlock-auto-codes/.data/extras-requests.csv
  /Users/charliemcconnell/ttlock-auto-codes/special quote/.data/extras-requests.csv
=== 2026-06-13 12:00:04 import-extras: exit 0
=== 2026-06-13 12:15:00 import-extras: node /Users/charliemcconnell/ttlock-auto-codes/IT/channel-manager/db/import-extras.mjs
extras-requests.csv not found (no extras submitted yet). Looked in:
  /Users/charliemcconnell/ttlock-auto-codes/IT/channel-manager/.data/extras-requests.csv
  /Users/charliemcconnell/ttlock-auto-codes/IT/booking-site/.data/extras-requests.csv
  /Users/charliemcconnell/ttlock-auto-codes/.data/extras-requests.csv
  /Users/charliemcconnell/ttlock-auto-codes/special quote/.data/extras-requests.csv
=== 2026-06-13 12:15:00 import-extras: exit 0
=== 2026-06-13 12:30:00 import-extras: node /Users/charliemcconnell/ttlock-auto-codes/IT/channel-manager/db/import-extras.mjs
extras-requests.csv not found (no extras submitted yet). Looked in:
  /Users/charliemcconnell/ttlock-auto-codes/IT/channel-manager/.data/extras-requests.csv
  /Users/charliemcconnell/ttlock-auto-codes/IT/booking-site/.data/extras-requests.csv
  /Users/charliemcconnell/ttlock-auto-codes/.data/extras-requests.csv
  /Users/charliemcconnell/ttlock-auto-codes/special quote/.data/extras-requests.csv
=== 2026-06-13 12:30:00 import-extras: exit 0
=== 2026-06-13 12:45:03 import-extras: node /Users/charliemcconnell/ttlock-auto-codes/IT/channel-manager/db/import-extras.mjs
extras-requests.csv not found (no extras submitted yet). Looked in:
  /Users/charliemcconnell/ttlock-auto-codes/IT/channel-manager/.data/extras-requests.csv
  /Users/charliemcconnell/ttlock-auto-codes/IT/booking-site/.data/extras-requests.csv
  /Users/charliemcconnell/ttlock-auto-codes/.data/extras-requests.csv
  /Users/charliemcconnell/ttlock-auto-codes/special quote/.data/extras-requests.csv
=== 2026-06-13 12:45:03 import-extras: exit 0
=== 2026-06-13 13:00:01 import-extras: node /Users/charliemcconnell/ttlock-auto-codes/IT/channel-manager/db/import-extras.mjs
extras-requests.csv not found (no extras submitted yet). Looked in:
  /Users/charliemcconnell/ttlock-auto-codes/IT/channel-manager/.data/extras-requests.csv
  /Users/charliemcconnell/ttlock-auto-codes/IT/booking-site/.data/extras-requests.csv
  /Users/charliemcconnell/ttlock-auto-codes/.data/extras-requests.csv
  /Users/charliemcconnell/ttlock-auto-codes/special quote/.data/extras-requests.csv
=== 2026-06-13 13:00:01 import-extras: exit 0
=== 2026-06-13 13:15:05 import-extras: node /Users/charliemcconnell/ttlock-auto-codes/IT/channel-manager/db/import-extras.mjs
read 1 rows from /Users/charliemcconnell/ttlock-auto-codes/IT/booking-site/.data/extras-requests.csv
added 0 (0 matched, 0 unmatched), 0 already imported, 0 late-matched
=== 2026-06-13 13:15:05 import-extras: exit 0
=== 2026-06-13 13:30:04 import-extras: node /Users/charliemcconnell/ttlock-auto-codes/IT/channel-manager/db/import-extras.mjs
read 1 rows from /Users/charliemcconnell/ttlock-auto-codes/IT/booking-site/.data/extras-requests.csv
added 0 (0 matched, 0 unmatched), 0 already imported, 0 late-matched
=== 2026-06-13 13:30:04 import-extras: exit 0
=== 2026-06-13 13:45:01 import-extras: node /Users/charliemcconnell/ttlock-auto-codes/IT/channel-manager/db/import-extras.mjs
read 1 rows from /Users/charliemcconnell/ttlock-auto-codes/IT/booking-site/.data/extras-requests.csv
added 0 (0 matched, 0 unmatched), 0 already imported, 0 late-matched
=== 2026-06-13 13:45:01 import-extras: exit 0
=== 2026-06-13 14:00:01 import-extras: node /Users/charliemcconnell/ttlock-auto-codes/IT/channel-manager/db/import-extras.mjs
read 1 rows from /Users/charliemcconnell/ttlock-auto-codes/IT/booking-site/.data/extras-requests.csv
added 0 (0 matched, 0 unmatched), 0 already imported, 0 late-matched
=== 2026-06-13 14:00:01 import-extras: exit 0
=== 2026-06-13 14:15:05 import-extras: node /Users/charliemcconnell/ttlock-auto-codes/IT/channel-manager/db/import-extras.mjs
read 1 rows from /Users/charliemcconnell/ttlock-auto-codes/IT/booking-site/.data/extras-requests.csv
added 0 (0 matched, 0 unmatched), 0 already imported, 0 late-matched
=== 2026-06-13 14:15:06 import-extras: exit 0
=== 2026-06-13 14:30:04 import-extras: node /Users/charliemcconnell/ttlock-auto-codes/IT/channel-manager/db/import-extras.mjs
read 1 rows from /Users/charliemcconnell/ttlock-auto-codes/IT/booking-site/.data/extras-requests.csv
added 0 (0 matched, 0 unmatched), 0 already imported, 0 late-matched
=== 2026-06-13 14:30:05 import-extras: exit 0
=== 2026-06-13 14:45:00 import-extras: node /Users/charliemcconnell/ttlock-auto-codes/IT/channel-manager/db/import-extras.mjs
read 1 rows from /Users/charliemcconnell/ttlock-auto-codes/IT/booking-site/.data/extras-requests.csv
added 0 (0 matched, 0 unmatched), 0 already imported, 0 late-matched
=== 2026-06-13 14:45:00 import-extras: exit 0
=== 2026-06-13 15:00:01 import-extras: node /Users/charliemcconnell/ttlock-auto-codes/IT/channel-manager/db/import-extras.mjs
read 1 rows from /Users/charliemcconnell/ttlock-auto-codes/IT/booking-site/.data/extras-requests.csv
added 0 (0 matched, 0 unmatched), 0 already imported, 0 late-matched
=== 2026-06-13 15:00:01 import-extras: exit 0
=== 2026-06-13 15:15:02 import-extras: node /Users/charliemcconnell/ttlock-auto-codes/IT/channel-manager/db/import-extras.mjs
read 1 rows from /Users/charliemcconnell/ttlock-auto-codes/IT/booking-site/.data/extras-requests.csv
added 0 (0 matched, 0 unmatched), 0 already imported, 0 late-matched
=== 2026-06-13 15:15:02 import-extras: exit 0
=== 2026-06-13 15:30:02 import-extras: node /Users/charliemcconnell/ttlock-auto-codes/IT/channel-manager/db/import-extras.mjs
read 1 rows from /Users/charliemcconnell/ttlock-auto-codes/IT/booking-site/.data/extras-requests.csv
added 0 (0 matched, 0 unmatched), 0 already imported, 0 late-matched
=== 2026-06-13 15:30:03 import-extras: exit 0
=== 2026-06-13 15:45:04 import-extras: node /Users/charliemcconnell/ttlock-auto-codes/IT/channel-manager/db/import-extras.mjs
read 1 rows from /Users/charliemcconnell/ttlock-auto-codes/IT/booking-site/.data/extras-requests.csv
added 0 (0 matched, 0 unmatched), 0 already imported, 0 late-matched
=== 2026-06-13 15:45:05 import-extras: exit 0
=== 2026-06-13 16:00:01 import-extras: node /Users/charliemcconnell/ttlock-auto-codes/IT/channel-manager/db/import-extras.mjs
read 1 rows from /Users/charliemcconnell/ttlock-auto-codes/IT/booking-site/.data/extras-requests.csv
added 0 (0 matched, 0 unmatched), 0 already imported, 0 late-matched
=== 2026-06-13 16:00:01 import-extras: exit 0
=== 2026-06-13 16:15:00 import-extras: node /Users/charliemcconnell/ttlock-auto-codes/IT/channel-manager/db/import-extras.mjs
read 1 rows from /Users/charliemcconnell/ttlock-auto-codes/IT/booking-site/.data/extras-requests.csv
added 0 (0 matched, 0 unmatched), 0 already imported, 0 late-matched
=== 2026-06-13 16:15:00 import-extras: exit 0
=== 2026-06-13 16:30:04 import-extras: node /Users/charliemcconnell/ttlock-auto-codes/IT/channel-manager/db/import-extras.mjs
read 1 rows from /Users/charliemcconnell/ttlock-auto-codes/IT/booking-site/.data/extras-requests.csv
added 0 (0 matched, 0 unmatched), 0 already imported, 0 late-matched
=== 2026-06-13 16:30:04 import-extras: exit 0
=== 2026-06-13 16:45:05 import-extras: node /Users/charliemcconnell/ttlock-auto-codes/IT/channel-manager/db/import-extras.mjs
read 1 rows from /Users/charliemcconnell/ttlock-auto-codes/IT/booking-site/.data/extras-requests.csv
added 0 (0 matched, 0 unmatched), 0 already imported, 0 late-matched
=== 2026-06-13 16:45:05 import-extras: exit 0
=== 2026-06-13 17:00:01 import-extras: node /Users/charliemcconnell/ttlock-auto-codes/IT/channel-manager/db/import-extras.mjs
read 1 rows from /Users/charliemcconnell/ttlock-auto-codes/IT/booking-site/.data/extras-requests.csv
added 0 (0 matched, 0 unmatched), 0 already imported, 0 late-matched
=== 2026-06-13 17:00:01 import-extras: exit 0
=== 2026-06-13 17:15:00 import-extras: node /Users/charliemcconnell/ttlock-auto-codes/IT/channel-manager/db/import-extras.mjs
read 1 rows from /Users/charliemcconnell/ttlock-auto-codes/IT/booking-site/.data/extras-requests.csv
added 0 (0 matched, 0 unmatched), 0 already imported, 0 late-matched
=== 2026-06-13 17:15:00 import-extras: exit 0
=== 2026-06-13 17:30:00 import-extras: node /Users/charliemcconnell/ttlock-auto-codes/IT/channel-manager/db/import-extras.mjs
read 1 rows from /Users/charliemcconnell/ttlock-auto-codes/IT/booking-site/.data/extras-requests.csv
added 0 (0 matched, 0 unmatched), 0 already imported, 0 late-matched
=== 2026-06-13 17:30:00 import-extras: exit 0
=== 2026-06-13 17:45:00 import-extras: node /Users/charliemcconnell/ttlock-auto-codes/IT/channel-manager/db/import-extras.mjs
read 1 rows from /Users/charliemcconnell/ttlock-auto-codes/IT/booking-site/.data/extras-requests.csv
added 0 (0 matched, 0 unmatched), 0 already imported, 0 late-matched
=== 2026-06-13 17:45:01 import-extras: exit 0
=== 2026-06-13 18:00:05 import-extras: node /Users/charliemcconnell/ttlock-auto-codes/IT/channel-manager/db/import-extras.mjs
read 1 rows from /Users/charliemcconnell/ttlock-auto-codes/IT/booking-site/.data/extras-requests.csv
added 0 (0 matched, 0 unmatched), 0 already imported, 0 late-matched
=== 2026-06-13 18:00:05 import-extras: exit 0
=== 2026-06-13 18:15:03 import-extras: node /Users/charliemcconnell/ttlock-auto-codes/IT/channel-manager/db/import-extras.mjs
read 1 rows from /Users/charliemcconnell/ttlock-auto-codes/IT/booking-site/.data/extras-requests.csv
added 0 (0 matched, 0 unmatched), 0 already imported, 0 late-matched
=== 2026-06-13 18:15:03 import-extras: exit 0
=== 2026-06-13 18:30:03 import-extras: node /Users/charliemcconnell/ttlock-auto-codes/IT/channel-manager/db/import-extras.mjs
read 1 rows from /Users/charliemcconnell/ttlock-auto-codes/IT/booking-site/.data/extras-requests.csv
added 0 (0 matched, 0 unmatched), 0 already imported, 0 late-matched
=== 2026-06-13 18:30:03 import-extras: exit 0
=== 2026-06-13 18:45:04 import-extras: node /Users/charliemcconnell/ttlock-auto-codes/IT/channel-manager/db/import-extras.mjs
read 1 rows from /Users/charliemcconnell/ttlock-auto-codes/IT/booking-site/.data/extras-requests.csv
added 0 (0 matched, 0 unmatched), 0 already imported, 0 late-matched
=== 2026-06-13 18:45:04 import-extras: exit 0
=== 2026-06-13 19:00:04 import-extras: node /Users/charliemcconnell/ttlock-auto-codes/IT/channel-manager/db/import-extras.mjs
read 1 rows from /Users/charliemcconnell/ttlock-auto-codes/IT/booking-site/.data/extras-requests.csv
added 0 (0 matched, 0 unmatched), 0 already imported, 0 late-matched
=== 2026-06-13 19:00:04 import-extras: exit 0
=== 2026-06-13 19:15:00 import-extras: node /Users/charliemcconnell/ttlock-auto-codes/IT/channel-manager/db/import-extras.mjs
read 1 rows from /Users/charliemcconnell/ttlock-auto-codes/IT/booking-site/.data/extras-requests.csv
added 0 (0 matched, 0 unmatched), 0 already imported, 0 late-matched
=== 2026-06-13 19:15:01 import-extras: exit 0
=== 2026-06-13 19:30:01 import-extras: node /Users/charliemcconnell/ttlock-auto-codes/IT/channel-manager/db/import-extras.mjs
read 1 rows from /Users/charliemcconnell/ttlock-auto-codes/IT/booking-site/.data/extras-requests.csv
added 0 (0 matched, 0 unmatched), 0 already imported, 0 late-matched
=== 2026-06-13 19:30:01 import-extras: exit 0
=== 2026-06-13 19:45:05 import-extras: node /Users/charliemcconnell/ttlock-auto-codes/IT/channel-manager/db/import-extras.mjs
read 1 rows from /Users/charliemcconnell/ttlock-auto-codes/IT/booking-site/.data/extras-requests.csv
added 0 (0 matched, 0 unmatched), 0 already imported, 0 late-matched
=== 2026-06-13 19:45:05 import-extras: exit 0
=== 2026-06-13 20:00:01 import-extras: node /Users/charliemcconnell/ttlock-auto-codes/IT/channel-manager/db/import-extras.mjs
read 1 rows from /Users/charliemcconnell/ttlock-auto-codes/IT/booking-site/.data/extras-requests.csv
added 0 (0 matched, 0 unmatched), 0 already imported, 0 late-matched
=== 2026-06-13 20:00:01 import-extras: exit 0
=== 2026-06-13 20:15:04 import-extras: node /Users/charliemcconnell/ttlock-auto-codes/IT/channel-manager/db/import-extras.mjs
read 1 rows from /Users/charliemcconnell/ttlock-auto-codes/IT/booking-site/.data/extras-requests.csv
added 0 (0 matched, 0 unmatched), 0 already imported, 0 late-matched
=== 2026-06-13 20:15:05 import-extras: exit 0
=== 2026-06-13 20:30:04 import-extras: node /Users/charliemcconnell/ttlock-auto-codes/IT/channel-manager/db/import-extras.mjs
read 1 rows from /Users/charliemcconnell/ttlock-auto-codes/IT/booking-site/.data/extras-requests.csv
added 0 (0 matched, 0 unmatched), 0 already imported, 0 late-matched
=== 2026-06-13 20:30:05 import-extras: exit 0
=== 2026-06-13 20:45:05 import-extras: node /Users/charliemcconnell/ttlock-auto-codes/IT/channel-manager/db/import-extras.mjs
read 1 rows from /Users/charliemcconnell/ttlock-auto-codes/IT/booking-site/.data/extras-requests.csv
added 0 (0 matched, 0 unmatched), 0 already imported, 0 late-matched
=== 2026-06-13 20:45:05 import-extras: exit 0
=== 2026-06-13 21:00:03 import-extras: node /Users/charliemcconnell/ttlock-auto-codes/IT/channel-manager/db/import-extras.mjs
read 1 rows from /Users/charliemcconnell/ttlock-auto-codes/IT/booking-site/.data/extras-requests.csv
added 0 (0 matched, 0 unmatched), 0 already imported, 0 late-matched
=== 2026-06-13 21:00:04 import-extras: exit 0
=== 2026-06-13 21:15:00 import-extras: node /Users/charliemcconnell/ttlock-auto-codes/IT/channel-manager/db/import-extras.mjs
read 1 rows from /Users/charliemcconnell/ttlock-auto-codes/IT/booking-site/.data/extras-requests.csv
added 0 (0 matched, 0 unmatched), 0 already imported, 0 late-matched
=== 2026-06-13 21:15:00 import-extras: exit 0
=== 2026-06-13 21:30:00 import-extras: node /Users/charliemcconnell/ttlock-auto-codes/IT/channel-manager/db/import-extras.mjs
read 1 rows from /Users/charliemcconnell/ttlock-auto-codes/IT/booking-site/.data/extras-requests.csv
added 0 (0 matched, 0 unmatched), 0 already imported, 0 late-matched
=== 2026-06-13 21:30:00 import-extras: exit 0
=== 2026-06-13 21:45:00 import-extras: node /Users/charliemcconnell/ttlock-auto-codes/IT/channel-manager/db/import-extras.mjs
read 1 rows from /Users/charliemcconnell/ttlock-auto-codes/IT/booking-site/.data/extras-requests.csv
added 0 (0 matched, 0 unmatched), 0 already imported, 0 late-matched
=== 2026-06-13 21:45:01 import-extras: exit 0
=== 2026-06-13 22:00:02 import-extras: node /Users/charliemcconnell/ttlock-auto-codes/IT/channel-manager/db/import-extras.mjs
read 1 rows from /Users/charliemcconnell/ttlock-auto-codes/IT/booking-site/.data/extras-requests.csv
added 0 (0 matched, 0 unmatched), 0 already imported, 0 late-matched
=== 2026-06-13 22:00:03 import-extras: exit 0
=== 2026-06-13 22:15:04 import-extras: node /Users/charliemcconnell/ttlock-auto-codes/IT/channel-manager/db/import-extras.mjs
read 1 rows from /Users/charliemcconnell/ttlock-auto-codes/IT/booking-site/.data/extras-requests.csv
added 0 (0 matched, 0 unmatched), 0 already imported, 0 late-matched
=== 2026-06-13 22:15:04 import-extras: exit 0
=== 2026-06-13 22:30:04 import-extras: node /Users/charliemcconnell/ttlock-auto-codes/IT/channel-manager/db/import-extras.mjs
read 1 rows from /Users/charliemcconnell/ttlock-auto-codes/IT/booking-site/.data/extras-requests.csv
added 0 (0 matched, 0 unmatched), 0 already imported, 0 late-matched
=== 2026-06-13 22:30:05 import-extras: exit 0
=== 2026-06-13 22:45:04 import-extras: node /Users/charliemcconnell/ttlock-auto-codes/IT/channel-manager/db/import-extras.mjs
read 1 rows from /Users/charliemcconnell/ttlock-auto-codes/IT/booking-site/.data/extras-requests.csv
added 0 (0 matched, 0 unmatched), 0 already imported, 0 late-matched
=== 2026-06-13 22:45:05 import-extras: exit 0
=== 2026-06-13 23:00:05 import-extras: node /Users/charliemcconnell/ttlock-auto-codes/IT/channel-manager/db/import-extras.mjs
read 1 rows from /Users/charliemcconnell/ttlock-auto-codes/IT/booking-site/.data/extras-requests.csv
added 0 (0 matched, 0 unmatched), 0 already imported, 0 late-matched
=== 2026-06-13 23:00:06 import-extras: exit 0
=== 2026-06-13 23:15:05 import-extras: node /Users/charliemcconnell/ttlock-auto-codes/IT/channel-manager/db/import-extras.mjs
read 1 rows from /Users/charliemcconnell/ttlock-auto-codes/IT/booking-site/.data/extras-requests.csv
added 0 (0 matched, 0 unmatched), 0 already imported, 0 late-matched
=== 2026-06-13 23:15:06 import-extras: exit 0
=== 2026-06-13 23:30:03 import-extras: node /Users/charliemcconnell/ttlock-auto-codes/IT/channel-manager/db/import-extras.mjs
read 1 rows from /Users/charliemcconnell/ttlock-auto-codes/IT/booking-site/.data/extras-requests.csv
added 0 (0 matched, 0 unmatched), 0 already imported, 0 late-matched
=== 2026-06-13 23:30:04 import-extras: exit 0
=== 2026-06-13 23:45:05 import-extras: node /Users/charliemcconnell/ttlock-auto-codes/IT/channel-manager/db/import-extras.mjs
read 1 rows from /Users/charliemcconnell/ttlock-auto-codes/IT/booking-site/.data/extras-requests.csv
added 0 (0 matched, 0 unmatched), 0 already imported, 0 late-matched
=== 2026-06-13 23:45:06 import-extras: exit 0
=== 2026-06-14 00:00:04 import-extras: node /Users/charliemcconnell/ttlock-auto-codes/IT/channel-manager/db/import-extras.mjs
read 1 rows from /Users/charliemcconnell/ttlock-auto-codes/IT/booking-site/.data/extras-requests.csv
added 0 (0 matched, 0 unmatched), 0 already imported, 0 late-matched
=== 2026-06-14 00:00:05 import-extras: exit 0
=== 2026-06-14 00:15:04 import-extras: node /Users/charliemcconnell/ttlock-auto-codes/IT/channel-manager/db/import-extras.mjs
read 1 rows from /Users/charliemcconnell/ttlock-auto-codes/IT/booking-site/.data/extras-requests.csv
added 0 (0 matched, 0 unmatched), 0 already imported, 0 late-matched
=== 2026-06-14 00:15:05 import-extras: exit 0
=== 2026-06-14 00:30:05 import-extras: node /Users/charliemcconnell/ttlock-auto-codes/IT/channel-manager/db/import-extras.mjs
read 1 rows from /Users/charliemcconnell/ttlock-auto-codes/IT/booking-site/.data/extras-requests.csv
added 0 (0 matched, 0 unmatched), 0 already imported, 0 late-matched
=== 2026-06-14 00:30:06 import-extras: exit 0
=== 2026-06-14 00:45:04 import-extras: node /Users/charliemcconnell/ttlock-auto-codes/IT/channel-manager/db/import-extras.mjs
read 1 rows from /Users/charliemcconnell/ttlock-auto-codes/IT/booking-site/.data/extras-requests.csv
added 0 (0 matched, 0 unmatched), 0 already imported, 0 late-matched
=== 2026-06-14 00:45:05 import-extras: exit 0
=== 2026-06-14 01:00:05 import-extras: node /Users/charliemcconnell/ttlock-auto-codes/IT/channel-manager/db/import-extras.mjs
read 1 rows from /Users/charliemcconnell/ttlock-auto-codes/IT/booking-site/.data/extras-requests.csv
added 0 (0 matched, 0 unmatched), 0 already imported, 0 late-matched
=== 2026-06-14 01:00:06 import-extras: exit 0
=== 2026-06-14 01:15:05 import-extras: node /Users/charliemcconnell/ttlock-auto-codes/IT/channel-manager/db/import-extras.mjs
read 2 rows from /Users/charliemcconnell/ttlock-auto-codes/IT/booking-site/.data/extras-requests.csv
added 0 (0 matched, 0 unmatched), 0 already imported, 0 late-matched
=== 2026-06-14 01:15:06 import-extras: exit 0
=== 2026-06-14 01:30:05 import-extras: node /Users/charliemcconnell/ttlock-auto-codes/IT/channel-manager/db/import-extras.mjs
read 2 rows from /Users/charliemcconnell/ttlock-auto-codes/IT/booking-site/.data/extras-requests.csv
added 0 (0 matched, 0 unmatched), 0 already imported, 0 late-matched
=== 2026-06-14 01:30:06 import-extras: exit 0
=== 2026-06-14 01:45:05 import-extras: node /Users/charliemcconnell/ttlock-auto-codes/IT/channel-manager/db/import-extras.mjs
read 2 rows from /Users/charliemcconnell/ttlock-auto-codes/IT/booking-site/.data/extras-requests.csv
added 0 (0 matched, 0 unmatched), 0 already imported, 0 late-matched
=== 2026-06-14 01:45:05 import-extras: exit 0
=== 2026-06-14 02:00:05 import-extras: node /Users/charliemcconnell/ttlock-auto-codes/IT/channel-manager/db/import-extras.mjs
read 2 rows from /Users/charliemcconnell/ttlock-auto-codes/IT/booking-site/.data/extras-requests.csv
added 0 (0 matched, 0 unmatched), 0 already imported, 0 late-matched
=== 2026-06-14 02:00:06 import-extras: exit 0
=== 2026-06-14 02:15:03 import-extras: node /Users/charliemcconnell/ttlock-auto-codes/IT/channel-manager/db/import-extras.mjs
read 2 rows from /Users/charliemcconnell/ttlock-auto-codes/IT/booking-site/.data/extras-requests.csv
added 0 (0 matched, 0 unmatched), 0 already imported, 0 late-matched
=== 2026-06-14 02:15:03 import-extras: exit 0
=== 2026-06-14 02:30:02 import-extras: node /Users/charliemcconnell/ttlock-auto-codes/IT/channel-manager/db/import-extras.mjs
read 2 rows from /Users/charliemcconnell/ttlock-auto-codes/IT/booking-site/.data/extras-requests.csv
added 0 (0 matched, 0 unmatched), 0 already imported, 0 late-matched
=== 2026-06-14 02:30:03 import-extras: exit 0
=== 2026-06-14 02:45:05 import-extras: node /Users/charliemcconnell/ttlock-auto-codes/IT/channel-manager/db/import-extras.mjs
read 2 rows from /Users/charliemcconnell/ttlock-auto-codes/IT/booking-site/.data/extras-requests.csv
added 0 (0 matched, 0 unmatched), 0 already imported, 0 late-matched
=== 2026-06-14 02:45:06 import-extras: exit 0
=== 2026-06-14 03:00:05 import-extras: node /Users/charliemcconnell/ttlock-auto-codes/IT/channel-manager/db/import-extras.mjs
read 2 rows from /Users/charliemcconnell/ttlock-auto-codes/IT/booking-site/.data/extras-requests.csv
added 0 (0 matched, 0 unmatched), 0 already imported, 0 late-matched
=== 2026-06-14 03:00:06 import-extras: exit 0
=== 2026-06-14 03:15:05 import-extras: node /Users/charliemcconnell/ttlock-auto-codes/IT/channel-manager/db/import-extras.mjs
read 2 rows from /Users/charliemcconnell/ttlock-auto-codes/IT/booking-site/.data/extras-requests.csv
added 0 (0 matched, 0 unmatched), 0 already imported, 0 late-matched
=== 2026-06-14 03:15:06 import-extras: exit 0
=== 2026-06-14 03:30:05 import-extras: node /Users/charliemcconnell/ttlock-auto-codes/IT/channel-manager/db/import-extras.mjs
read 2 rows from /Users/charliemcconnell/ttlock-auto-codes/IT/booking-site/.data/extras-requests.csv
added 0 (0 matched, 0 unmatched), 0 already imported, 0 late-matched
=== 2026-06-14 03:30:06 import-extras: exit 0
=== 2026-06-14 03:45:05 import-extras: node /Users/charliemcconnell/ttlock-auto-codes/IT/channel-manager/db/import-extras.mjs
read 2 rows from /Users/charliemcconnell/ttlock-auto-codes/IT/booking-site/.data/extras-requests.csv
added 0 (0 matched, 0 unmatched), 0 already imported, 0 late-matched
=== 2026-06-14 03:45:06 import-extras: exit 0
=== 2026-06-14 04:00:05 import-extras: node /Users/charliemcconnell/ttlock-auto-codes/IT/channel-manager/db/import-extras.mjs
read 2 rows from /Users/charliemcconnell/ttlock-auto-codes/IT/booking-site/.data/extras-requests.csv
added 0 (0 matched, 0 unmatched), 0 already imported, 0 late-matched
=== 2026-06-14 04:00:06 import-extras: exit 0
=== 2026-06-14 04:27:33 import-extras: node /Users/charliemcconnell/ttlock-auto-codes/IT/channel-manager/db/import-extras.mjs
read 2 rows from /Users/charliemcconnell/ttlock-auto-codes/IT/booking-site/.data/extras-requests.csv
added 0 (0 matched, 0 unmatched), 0 already imported, 0 late-matched
=== 2026-06-14 04:27:34 import-extras: exit 0
=== 2026-06-14 04:30:05 import-extras: node /Users/charliemcconnell/ttlock-auto-codes/IT/channel-manager/db/import-extras.mjs
read 2 rows from /Users/charliemcconnell/ttlock-auto-codes/IT/booking-site/.data/extras-requests.csv
added 0 (0 matched, 0 unmatched), 0 already imported, 0 late-matched
=== 2026-06-14 04:30:05 import-extras: exit 0
=== 2026-06-14 04:45:01 import-extras: node /Users/charliemcconnell/ttlock-auto-codes/IT/channel-manager/db/import-extras.mjs
read 2 rows from /Users/charliemcconnell/ttlock-auto-codes/IT/booking-site/.data/extras-requests.csv
added 0 (0 matched, 0 unmatched), 0 already imported, 0 late-matched
=== 2026-06-14 04:45:02 import-extras: exit 0
=== 2026-06-14 05:00:05 import-extras: node /Users/charliemcconnell/ttlock-auto-codes/IT/channel-manager/db/import-extras.mjs
read 2 rows from /Users/charliemcconnell/ttlock-auto-codes/IT/booking-site/.data/extras-requests.csv
added 0 (0 matched, 0 unmatched), 0 already imported, 0 late-matched
=== 2026-06-14 05:00:06 import-extras: exit 0
=== 2026-06-14 05:15:05 import-extras: node /Users/charliemcconnell/ttlock-auto-codes/IT/channel-manager/db/import-extras.mjs
read 2 rows from /Users/charliemcconnell/ttlock-auto-codes/IT/booking-site/.data/extras-requests.csv
added 0 (0 matched, 0 unmatched), 0 already imported, 0 late-matched
=== 2026-06-14 05:15:06 import-extras: exit 0
=== 2026-06-14 05:30:05 import-extras: node /Users/charliemcconnell/ttlock-auto-codes/IT/channel-manager/db/import-extras.mjs
read 2 rows from /Users/charliemcconnell/ttlock-auto-codes/IT/booking-site/.data/extras-requests.csv
added 0 (0 matched, 0 unmatched), 0 already imported, 0 late-matched
=== 2026-06-14 05:30:06 import-extras: exit 0
=== 2026-06-14 05:45:05 import-extras: node /Users/charliemcconnell/ttlock-auto-codes/IT/channel-manager/db/import-extras.mjs
read 2 rows from /Users/charliemcconnell/ttlock-auto-codes/IT/booking-site/.data/extras-requests.csv
added 0 (0 matched, 0 unmatched), 0 already imported, 0 late-matched
=== 2026-06-14 05:45:06 import-extras: exit 0
=== 2026-06-14 06:00:05 import-extras: node /Users/charliemcconnell/ttlock-auto-codes/IT/channel-manager/db/import-extras.mjs
read 2 rows from /Users/charliemcconnell/ttlock-auto-codes/IT/booking-site/.data/extras-requests.csv
added 0 (0 matched, 0 unmatched), 0 already imported, 0 late-matched
=== 2026-06-14 06:00:06 import-extras: exit 0
=== 2026-06-14 06:15:05 import-extras: node /Users/charliemcconnell/ttlock-auto-codes/IT/channel-manager/db/import-extras.mjs
read 2 rows from /Users/charliemcconnell/ttlock-auto-codes/IT/booking-site/.data/extras-requests.csv
added 0 (0 matched, 0 unmatched), 0 already imported, 0 late-matched
=== 2026-06-14 06:15:06 import-extras: exit 0
=== 2026-06-14 06:30:04 import-extras: node /Users/charliemcconnell/ttlock-auto-codes/IT/channel-manager/db/import-extras.mjs
read 2 rows from /Users/charliemcconnell/ttlock-auto-codes/IT/booking-site/.data/extras-requests.csv
added 0 (0 matched, 0 unmatched), 0 already imported, 0 late-matched
=== 2026-06-14 06:30:05 import-extras: exit 0
=== 2026-06-14 06:50:22 import-extras: node /Users/charliemcconnell/ttlock-auto-codes/IT/channel-manager/db/import-extras.mjs
read 2 rows from /Users/charliemcconnell/ttlock-auto-codes/IT/booking-site/.data/extras-requests.csv
added 0 (0 matched, 0 unmatched), 0 already imported, 0 late-matched
=== 2026-06-14 06:50:23 import-extras: exit 0
=== 2026-06-14 07:00:05 import-extras: node /Users/charliemcconnell/ttlock-auto-codes/IT/channel-manager/db/import-extras.mjs
read 2 rows from /Users/charliemcconnell/ttlock-auto-codes/IT/booking-site/.data/extras-requests.csv
added 0 (0 matched, 0 unmatched), 0 already imported, 0 late-matched
=== 2026-06-14 07:00:06 import-extras: exit 0
=== 2026-06-14 07:15:05 import-extras: node /Users/charliemcconnell/ttlock-auto-codes/IT/channel-manager/db/import-extras.mjs
read 2 rows from /Users/charliemcconnell/ttlock-auto-codes/IT/booking-site/.data/extras-requests.csv
added 0 (0 matched, 0 unmatched), 0 already imported, 0 late-matched
=== 2026-06-14 07:15:06 import-extras: exit 0
=== 2026-06-14 07:30:05 import-extras: node /Users/charliemcconnell/ttlock-auto-codes/IT/channel-manager/db/import-extras.mjs
read 2 rows from /Users/charliemcconnell/ttlock-auto-codes/IT/booking-site/.data/extras-requests.csv
added 0 (0 matched, 0 unmatched), 0 already imported, 0 late-matched
=== 2026-06-14 07:30:06 import-extras: exit 0
=== 2026-06-14 07:45:05 import-extras: node /Users/charliemcconnell/ttlock-auto-codes/IT/channel-manager/db/import-extras.mjs
read 2 rows from /Users/charliemcconnell/ttlock-auto-codes/IT/booking-site/.data/extras-requests.csv
added 0 (0 matched, 0 unmatched), 0 already imported, 0 late-matched
=== 2026-06-14 07:45:06 import-extras: exit 0
=== 2026-06-14 08:00:05 import-extras: node /Users/charliemcconnell/ttlock-auto-codes/IT/channel-manager/db/import-extras.mjs
read 2 rows from /Users/charliemcconnell/ttlock-auto-codes/IT/booking-site/.data/extras-requests.csv
added 0 (0 matched, 0 unmatched), 0 already imported, 0 late-matched
=== 2026-06-14 08:00:06 import-extras: exit 0
=== 2026-06-14 08:15:05 import-extras: node /Users/charliemcconnell/ttlock-auto-codes/IT/channel-manager/db/import-extras.mjs
read 2 rows from /Users/charliemcconnell/ttlock-auto-codes/IT/booking-site/.data/extras-requests.csv
added 0 (0 matched, 0 unmatched), 0 already imported, 0 late-matched
=== 2026-06-14 08:15:06 import-extras: exit 0
=== 2026-06-14 08:30:01 import-extras: node /Users/charliemcconnell/ttlock-auto-codes/IT/channel-manager/db/import-extras.mjs
read 2 rows from /Users/charliemcconnell/ttlock-auto-codes/IT/booking-site/.data/extras-requests.csv
added 0 (0 matched, 0 unmatched), 0 already imported, 0 late-matched
=== 2026-06-14 08:30:01 import-extras: exit 0
=== 2026-06-14 08:50:23 import-extras: node /Users/charliemcconnell/ttlock-auto-codes/IT/channel-manager/db/import-extras.mjs
read 2 rows from /Users/charliemcconnell/ttlock-auto-codes/IT/booking-site/.data/extras-requests.csv
added 0 (0 matched, 0 unmatched), 0 already imported, 0 late-matched
=== 2026-06-14 08:50:25 import-extras: exit 0
=== 2026-06-14 09:00:04 import-extras: node /Users/charliemcconnell/ttlock-auto-codes/IT/channel-manager/db/import-extras.mjs
read 2 rows from /Users/charliemcconnell/ttlock-auto-codes/IT/booking-site/.data/extras-requests.csv
added 0 (0 matched, 0 unmatched), 0 already imported, 0 late-matched
=== 2026-06-14 09:00:05 import-extras: exit 0
=== 2026-06-14 09:15:05 import-extras: node /Users/charliemcconnell/ttlock-auto-codes/IT/channel-manager/db/import-extras.mjs
read 2 rows from /Users/charliemcconnell/ttlock-auto-codes/IT/booking-site/.data/extras-requests.csv
added 0 (0 matched, 0 unmatched), 0 already imported, 0 late-matched
=== 2026-06-14 09:15:06 import-extras: exit 0
=== 2026-06-14 09:30:05 import-extras: node /Users/charliemcconnell/ttlock-auto-codes/IT/channel-manager/db/import-extras.mjs
read 2 rows from /Users/charliemcconnell/ttlock-auto-codes/IT/booking-site/.data/extras-requests.csv
added 0 (0 matched, 0 unmatched), 0 already imported, 0 late-matched
=== 2026-06-14 09:30:06 import-extras: exit 0
=== 2026-06-14 09:45:05 import-extras: node /Users/charliemcconnell/ttlock-auto-codes/IT/channel-manager/db/import-extras.mjs
read 2 rows from /Users/charliemcconnell/ttlock-auto-codes/IT/booking-site/.data/extras-requests.csv
added 0 (0 matched, 0 unmatched), 0 already imported, 0 late-matched
=== 2026-06-14 09:45:06 import-extras: exit 0
=== 2026-06-14 10:00:05 import-extras: node /Users/charliemcconnell/ttlock-auto-codes/IT/channel-manager/db/import-extras.mjs
read 2 rows from /Users/charliemcconnell/ttlock-auto-codes/IT/booking-site/.data/extras-requests.csv
added 0 (0 matched, 0 unmatched), 0 already imported, 0 late-matched
=== 2026-06-14 10:00:06 import-extras: exit 0
=== 2026-06-14 10:15:05 import-extras: node /Users/charliemcconnell/ttlock-auto-codes/IT/channel-manager/db/import-extras.mjs
read 2 rows from /Users/charliemcconnell/ttlock-auto-codes/IT/booking-site/.data/extras-requests.csv
added 0 (0 matched, 0 unmatched), 0 already imported, 0 late-matched
=== 2026-06-14 10:15:06 import-extras: exit 0
=== 2026-06-14 10:30:01 import-extras: node /Users/charliemcconnell/ttlock-auto-codes/IT/channel-manager/db/import-extras.mjs
read 2 rows from /Users/charliemcconnell/ttlock-auto-codes/IT/booking-site/.data/extras-requests.csv
added 0 (0 matched, 0 unmatched), 0 already imported, 0 late-matched
=== 2026-06-14 10:30:01 import-extras: exit 0
=== 2026-06-14 10:45:05 import-extras: node /Users/charliemcconnell/ttlock-auto-codes/IT/channel-manager/db/import-extras.mjs
read 2 rows from /Users/charliemcconnell/ttlock-auto-codes/IT/booking-site/.data/extras-requests.csv
added 0 (0 matched, 0 unmatched), 0 already imported, 0 late-matched
=== 2026-06-14 10:45:06 import-extras: exit 0
=== 2026-06-14 11:00:05 import-extras: node /Users/charliemcconnell/ttlock-auto-codes/IT/channel-manager/db/import-extras.mjs
read 2 rows from /Users/charliemcconnell/ttlock-auto-codes/IT/booking-site/.data/extras-requests.csv
added 0 (0 matched, 0 unmatched), 0 already imported, 0 late-matched
=== 2026-06-14 11:00:06 import-extras: exit 0
=== 2026-06-14 11:15:05 import-extras: node /Users/charliemcconnell/ttlock-auto-codes/IT/channel-manager/db/import-extras.mjs
read 2 rows from /Users/charliemcconnell/ttlock-auto-codes/IT/booking-site/.data/extras-requests.csv
added 0 (0 matched, 0 unmatched), 0 already imported, 0 late-matched
=== 2026-06-14 11:15:06 import-extras: exit 0
=== 2026-06-14 11:30:05 import-extras: node /Users/charliemcconnell/ttlock-auto-codes/IT/channel-manager/db/import-extras.mjs
read 2 rows from /Users/charliemcconnell/ttlock-auto-codes/IT/booking-site/.data/extras-requests.csv
added 0 (0 matched, 0 unmatched), 0 already imported, 0 late-matched
=== 2026-06-14 11:30:06 import-extras: exit 0
=== 2026-06-14 11:45:05 import-extras: node /Users/charliemcconnell/ttlock-auto-codes/IT/channel-manager/db/import-extras.mjs
read 2 rows from /Users/charliemcconnell/ttlock-auto-codes/IT/booking-site/.data/extras-requests.csv
added 0 (0 matched, 0 unmatched), 0 already imported, 0 late-matched
=== 2026-06-14 11:45:06 import-extras: exit 0
=== 2026-06-14 12:00:01 import-extras: node /Users/charliemcconnell/ttlock-auto-codes/IT/channel-manager/db/import-extras.mjs
read 2 rows from /Users/charliemcconnell/ttlock-auto-codes/IT/booking-site/.data/extras-requests.csv
added 0 (0 matched, 0 unmatched), 0 already imported, 0 late-matched
=== 2026-06-14 12:00:01 import-extras: exit 0
=== 2026-06-14 12:15:04 import-extras: node /Users/charliemcconnell/ttlock-auto-codes/IT/channel-manager/db/import-extras.mjs
read 2 rows from /Users/charliemcconnell/ttlock-auto-codes/IT/booking-site/.data/extras-requests.csv
added 0 (0 matched, 0 unmatched), 0 already imported, 0 late-matched
=== 2026-06-14 12:15:05 import-extras: exit 0
=== 2026-06-14 12:30:05 import-extras: node /Users/charliemcconnell/ttlock-auto-codes/IT/channel-manager/db/import-extras.mjs
read 2 rows from /Users/charliemcconnell/ttlock-auto-codes/IT/booking-site/.data/extras-requests.csv
added 0 (0 matched, 0 unmatched), 0 already imported, 0 late-matched
=== 2026-06-14 12:30:06 import-extras: exit 0
=== 2026-06-14 12:45:04 import-extras: node /Users/charliemcconnell/ttlock-auto-codes/IT/channel-manager/db/import-extras.mjs
read 2 rows from /Users/charliemcconnell/ttlock-auto-codes/IT/booking-site/.data/extras-requests.csv
added 0 (0 matched, 0 unmatched), 0 already imported, 0 late-matched
=== 2026-06-14 12:45:05 import-extras: exit 0
=== 2026-06-14 13:00:05 import-extras: node /Users/charliemcconnell/ttlock-auto-codes/IT/channel-manager/db/import-extras.mjs
read 2 rows from /Users/charliemcconnell/ttlock-auto-codes/IT/booking-site/.data/extras-requests.csv
added 0 (0 matched, 0 unmatched), 0 already imported, 0 late-matched
=== 2026-06-14 13:00:06 import-extras: exit 0
=== 2026-06-14 13:15:05 import-extras: node /Users/charliemcconnell/ttlock-auto-codes/IT/channel-manager/db/import-extras.mjs
read 2 rows from /Users/charliemcconnell/ttlock-auto-codes/IT/booking-site/.data/extras-requests.csv
added 0 (0 matched, 0 unmatched), 0 already imported, 0 late-matched
=== 2026-06-14 13:15:06 import-extras: exit 0
=== 2026-06-14 13:30:05 import-extras: node /Users/charliemcconnell/ttlock-auto-codes/IT/channel-manager/db/import-extras.mjs
read 2 rows from /Users/charliemcconnell/ttlock-auto-codes/IT/booking-site/.data/extras-requests.csv
added 0 (0 matched, 0 unmatched), 0 already imported, 0 late-matched
=== 2026-06-14 13:30:06 import-extras: exit 0
=== 2026-06-14 13:45:00 import-extras: node /Users/charliemcconnell/ttlock-auto-codes/IT/channel-manager/db/import-extras.mjs
read 2 rows from /Users/charliemcconnell/ttlock-auto-codes/IT/booking-site/.data/extras-requests.csv
added 0 (0 matched, 0 unmatched), 0 already imported, 0 late-matched
=== 2026-06-14 13:45:00 import-extras: exit 0
=== 2026-06-14 14:00:05 import-extras: node /Users/charliemcconnell/ttlock-auto-codes/IT/channel-manager/db/import-extras.mjs
read 2 rows from /Users/charliemcconnell/ttlock-auto-codes/IT/booking-site/.data/extras-requests.csv
added 0 (0 matched, 0 unmatched), 0 already imported, 0 late-matched
=== 2026-06-14 14:00:06 import-extras: exit 0
=== 2026-06-14 14:15:05 import-extras: node /Users/charliemcconnell/ttlock-auto-codes/IT/channel-manager/db/import-extras.mjs
read 2 rows from /Users/charliemcconnell/ttlock-auto-codes/IT/booking-site/.data/extras-requests.csv
added 0 (0 matched, 0 unmatched), 0 already imported, 0 late-matched
=== 2026-06-14 14:15:06 import-extras: exit 0
=== 2026-06-14 14:30:05 import-extras: node /Users/charliemcconnell/ttlock-auto-codes/IT/channel-manager/db/import-extras.mjs
read 2 rows from /Users/charliemcconnell/ttlock-auto-codes/IT/booking-site/.data/extras-requests.csv
added 0 (0 matched, 0 unmatched), 0 already imported, 0 late-matched
=== 2026-06-14 14:30:06 import-extras: exit 0
=== 2026-06-14 14:45:05 import-extras: node /Users/charliemcconnell/ttlock-auto-codes/IT/channel-manager/db/import-extras.mjs
read 2 rows from /Users/charliemcconnell/ttlock-auto-codes/IT/booking-site/.data/extras-requests.csv
added 0 (0 matched, 0 unmatched), 0 already imported, 0 late-matched
=== 2026-06-14 14:45:06 import-extras: exit 0
=== 2026-06-14 15:00:01 import-extras: node /Users/charliemcconnell/ttlock-auto-codes/IT/channel-manager/db/import-extras.mjs
read 2 rows from /Users/charliemcconnell/ttlock-auto-codes/IT/booking-site/.data/extras-requests.csv
added 0 (0 matched, 0 unmatched), 0 already imported, 0 late-matched
=== 2026-06-14 15:00:02 import-extras: exit 0
=== 2026-06-14 15:15:03 import-extras: node /Users/charliemcconnell/ttlock-auto-codes/IT/channel-manager/db/import-extras.mjs
read 2 rows from /Users/charliemcconnell/ttlock-auto-codes/IT/booking-site/.data/extras-requests.csv
added 0 (0 matched, 0 unmatched), 0 already imported, 0 late-matched
=== 2026-06-14 15:15:04 import-extras: exit 0
=== 2026-06-14 15:30:00 import-extras: node /Users/charliemcconnell/ttlock-auto-codes/IT/channel-manager/db/import-extras.mjs
read 2 rows from /Users/charliemcconnell/ttlock-auto-codes/IT/booking-site/.data/extras-requests.csv
added 0 (0 matched, 0 unmatched), 0 already imported, 0 late-matched
=== 2026-06-14 15:30:01 import-extras: exit 0
=== 2026-06-14 15:45:04 import-extras: node /Users/charliemcconnell/ttlock-auto-codes/IT/channel-manager/db/import-extras.mjs
read 2 rows from /Users/charliemcconnell/ttlock-auto-codes/IT/booking-site/.data/extras-requests.csv
added 0 (0 matched, 0 unmatched), 0 already imported, 0 late-matched
=== 2026-06-14 15:45:05 import-extras: exit 0
=== 2026-06-14 16:00:01 import-extras: node /Users/charliemcconnell/ttlock-auto-codes/IT/channel-manager/db/import-extras.mjs
read 2 rows from /Users/charliemcconnell/ttlock-auto-codes/IT/booking-site/.data/extras-requests.csv
added 0 (0 matched, 0 unmatched), 0 already imported, 0 late-matched
=== 2026-06-14 16:00:02 import-extras: exit 0
=== 2026-06-14 16:15:00 import-extras: node /Users/charliemcconnell/ttlock-auto-codes/IT/channel-manager/db/import-extras.mjs
read 2 rows from /Users/charliemcconnell/ttlock-auto-codes/IT/booking-site/.data/extras-requests.csv
added 0 (0 matched, 0 unmatched), 0 already imported, 0 late-matched
=== 2026-06-14 16:15:01 import-extras: exit 0
=== 2026-06-14 16:30:00 import-extras: node /Users/charliemcconnell/ttlock-auto-codes/IT/channel-manager/db/import-extras.mjs
read 2 rows from /Users/charliemcconnell/ttlock-auto-codes/IT/booking-site/.data/extras-requests.csv
added 0 (0 matched, 0 unmatched), 0 already imported, 0 late-matched
=== 2026-06-14 16:30:01 import-extras: exit 0
=== 2026-06-14 16:45:04 import-extras: node /Users/charliemcconnell/ttlock-auto-codes/IT/channel-manager/db/import-extras.mjs
read 2 rows from /Users/charliemcconnell/ttlock-auto-codes/IT/booking-site/.data/extras-requests.csv
added 0 (0 matched, 0 unmatched), 0 already imported, 0 late-matched
=== 2026-06-14 16:45:05 import-extras: exit 0
=== 2026-06-14 17:00:04 import-extras: node /Users/charliemcconnell/ttlock-auto-codes/IT/channel-manager/db/import-extras.mjs
read 2 rows from /Users/charliemcconnell/ttlock-auto-codes/IT/booking-site/.data/extras-requests.csv
added 0 (0 matched, 0 unmatched), 0 already imported, 0 late-matched
=== 2026-06-14 17:00:05 import-extras: exit 0
=== 2026-06-14 17:15:03 import-extras: node /Users/charliemcconnell/ttlock-auto-codes/IT/channel-manager/db/import-extras.mjs
read 2 rows from /Users/charliemcconnell/ttlock-auto-codes/IT/booking-site/.data/extras-requests.csv
added 0 (0 matched, 0 unmatched), 0 already imported, 0 late-matched
=== 2026-06-14 17:15:04 import-extras: exit 0
=== 2026-06-14 17:30:04 import-extras: node /Users/charliemcconnell/ttlock-auto-codes/IT/channel-manager/db/import-extras.mjs
read 2 rows from /Users/charliemcconnell/ttlock-auto-codes/IT/booking-site/.data/extras-requests.csv
added 0 (0 matched, 0 unmatched), 0 already imported, 0 late-matched
=== 2026-06-14 17:30:05 import-extras: exit 0
=== 2026-06-14 17:45:01 import-extras: node /Users/charliemcconnell/ttlock-auto-codes/IT/channel-manager/db/import-extras.mjs
read 2 rows from /Users/charliemcconnell/ttlock-auto-codes/IT/booking-site/.data/extras-requests.csv
added 0 (0 matched, 0 unmatched), 0 already imported, 0 late-matched
=== 2026-06-14 17:45:02 import-extras: exit 0
=== 2026-06-14 18:00:01 import-extras: node /Users/charliemcconnell/ttlock-auto-codes/IT/channel-manager/db/import-extras.mjs
read 2 rows from /Users/charliemcconnell/ttlock-auto-codes/IT/booking-site/.data/extras-requests.csv
added 0 (0 matched, 0 unmatched), 0 already imported, 0 late-matched
=== 2026-06-14 18:00:02 import-extras: exit 0
=== 2026-06-14 18:15:05 import-extras: node /Users/charliemcconnell/ttlock-auto-codes/IT/channel-manager/db/import-extras.mjs
read 2 rows from /Users/charliemcconnell/ttlock-auto-codes/IT/booking-site/.data/extras-requests.csv
added 0 (0 matched, 0 unmatched), 0 already imported, 0 late-matched
=== 2026-06-14 18:15:06 import-extras: exit 0
=== 2026-06-14 18:30:03 import-extras: node /Users/charliemcconnell/ttlock-auto-codes/IT/channel-manager/db/import-extras.mjs
read 2 rows from /Users/charliemcconnell/ttlock-auto-codes/IT/booking-site/.data/extras-requests.csv
added 0 (0 matched, 0 unmatched), 0 already imported, 0 late-matched
=== 2026-06-14 18:30:04 import-extras: exit 0
=== 2026-06-14 18:45:03 import-extras: node /Users/charliemcconnell/ttlock-auto-codes/IT/channel-manager/db/import-extras.mjs
read 2 rows from /Users/charliemcconnell/ttlock-auto-codes/IT/booking-site/.data/extras-requests.csv
added 0 (0 matched, 0 unmatched), 0 already imported, 0 late-matched
=== 2026-06-14 18:45:04 import-extras: exit 0
=== 2026-06-14 19:00:04 import-extras: node /Users/charliemcconnell/ttlock-auto-codes/IT/channel-manager/db/import-extras.mjs
read 2 rows from /Users/charliemcconnell/ttlock-auto-codes/IT/booking-site/.data/extras-requests.csv
added 0 (0 matched, 0 unmatched), 0 already imported, 0 late-matched
=== 2026-06-14 19:00:05 import-extras: exit 0
=== 2026-06-14 19:15:05 import-extras: node /Users/charliemcconnell/ttlock-auto-codes/IT/channel-manager/db/import-extras.mjs
read 2 rows from /Users/charliemcconnell/ttlock-auto-codes/IT/booking-site/.data/extras-requests.csv
added 0 (0 matched, 0 unmatched), 0 already imported, 0 late-matched
=== 2026-06-14 19:15:05 import-extras: exit 0
=== 2026-06-14 19:30:02 import-extras: node /Users/charliemcconnell/ttlock-auto-codes/IT/channel-manager/db/import-extras.mjs
read 2 rows from /Users/charliemcconnell/ttlock-auto-codes/IT/booking-site/.data/extras-requests.csv
added 0 (0 matched, 0 unmatched), 0 already imported, 0 late-matched
=== 2026-06-14 19:30:03 import-extras: exit 0
=== 2026-06-14 19:45:02 import-extras: node /Users/charliemcconnell/ttlock-auto-codes/IT/channel-manager/db/import-extras.mjs
read 2 rows from /Users/charliemcconnell/ttlock-auto-codes/IT/booking-site/.data/extras-requests.csv
added 0 (0 matched, 0 unmatched), 0 already imported, 0 late-matched
=== 2026-06-14 19:45:03 import-extras: exit 0
=== 2026-06-14 20:00:05 import-extras: node /Users/charliemcconnell/ttlock-auto-codes/IT/channel-manager/db/import-extras.mjs
read 2 rows from /Users/charliemcconnell/ttlock-auto-codes/IT/booking-site/.data/extras-requests.csv
added 0 (0 matched, 0 unmatched), 0 already imported, 0 late-matched
=== 2026-06-14 20:00:06 import-extras: exit 0
=== 2026-06-14 20:15:02 import-extras: node /Users/charliemcconnell/ttlock-auto-codes/IT/channel-manager/db/import-extras.mjs
read 2 rows from /Users/charliemcconnell/ttlock-auto-codes/IT/booking-site/.data/extras-requests.csv
added 0 (0 matched, 0 unmatched), 0 already imported, 0 late-matched
=== 2026-06-14 20:15:03 import-extras: exit 0
=== 2026-06-14 20:30:02 import-extras: node /Users/charliemcconnell/ttlock-auto-codes/IT/channel-manager/db/import-extras.mjs
read 2 rows from /Users/charliemcconnell/ttlock-auto-codes/IT/booking-site/.data/extras-requests.csv
added 0 (0 matched, 0 unmatched), 0 already imported, 0 late-matched
=== 2026-06-14 20:30:03 import-extras: exit 0
=== 2026-06-14 20:45:00 import-extras: node /Users/charliemcconnell/ttlock-auto-codes/IT/channel-manager/db/import-extras.mjs
read 2 rows from /Users/charliemcconnell/ttlock-auto-codes/IT/booking-site/.data/extras-requests.csv
added 0 (0 matched, 0 unmatched), 0 already imported, 0 late-matched
=== 2026-06-14 20:45:01 import-extras: exit 0
=== 2026-06-14 21:00:03 import-extras: node /Users/charliemcconnell/ttlock-auto-codes/IT/channel-manager/db/import-extras.mjs
read 2 rows from /Users/charliemcconnell/ttlock-auto-codes/IT/booking-site/.data/extras-requests.csv
added 0 (0 matched, 0 unmatched), 0 already imported, 0 late-matched
=== 2026-06-14 21:00:04 import-extras: exit 0
=== 2026-06-14 21:15:01 import-extras: node /Users/charliemcconnell/ttlock-auto-codes/IT/channel-manager/db/import-extras.mjs
read 2 rows from /Users/charliemcconnell/ttlock-auto-codes/IT/booking-site/.data/extras-requests.csv
added 0 (0 matched, 0 unmatched), 0 already imported, 0 late-matched
=== 2026-06-14 21:15:02 import-extras: exit 0
=== 2026-06-14 21:30:01 import-extras: node /Users/charliemcconnell/ttlock-auto-codes/IT/channel-manager/db/import-extras.mjs
read 2 rows from /Users/charliemcconnell/ttlock-auto-codes/IT/booking-site/.data/extras-requests.csv
added 0 (0 matched, 0 unmatched), 0 already imported, 0 late-matched
=== 2026-06-14 21:30:02 import-extras: exit 0
=== 2026-06-14 21:45:03 import-extras: node /Users/charliemcconnell/ttlock-auto-codes/IT/channel-manager/db/import-extras.mjs
read 2 rows from /Users/charliemcconnell/ttlock-auto-codes/IT/booking-site/.data/extras-requests.csv
added 0 (0 matched, 0 unmatched), 0 already imported, 0 late-matched
=== 2026-06-14 21:45:04 import-extras: exit 0
=== 2026-06-14 22:00:05 import-extras: node /Users/charliemcconnell/ttlock-auto-codes/IT/channel-manager/db/import-extras.mjs
read 2 rows from /Users/charliemcconnell/ttlock-auto-codes/IT/booking-site/.data/extras-requests.csv
added 0 (0 matched, 0 unmatched), 0 already imported, 0 late-matched
=== 2026-06-14 22:00:06 import-extras: exit 0
=== 2026-06-14 22:15:02 import-extras: node /Users/charliemcconnell/ttlock-auto-codes/IT/channel-manager/db/import-extras.mjs
read 2 rows from /Users/charliemcconnell/ttlock-auto-codes/IT/booking-site/.data/extras-requests.csv
added 0 (0 matched, 0 unmatched), 0 already imported, 0 late-matched
=== 2026-06-14 22:15:03 import-extras: exit 0
=== 2026-06-14 22:30:02 import-extras: node /Users/charliemcconnell/ttlock-auto-codes/IT/channel-manager/db/import-extras.mjs
read 2 rows from /Users/charliemcconnell/ttlock-auto-codes/IT/booking-site/.data/extras-requests.csv
added 0 (0 matched, 0 unmatched), 0 already imported, 0 late-matched
=== 2026-06-14 22:30:03 import-extras: exit 0
=== 2026-06-14 22:45:01 import-extras: node /Users/charliemcconnell/ttlock-auto-codes/IT/channel-manager/db/import-extras.mjs
read 2 rows from /Users/charliemcconnell/ttlock-auto-codes/IT/booking-site/.data/extras-requests.csv
added 0 (0 matched, 0 unmatched), 0 already imported, 0 late-matched
=== 2026-06-14 22:45:02 import-extras: exit 0
=== 2026-06-14 23:00:01 import-extras: node /Users/charliemcconnell/ttlock-auto-codes/IT/channel-manager/db/import-extras.mjs
read 2 rows from /Users/charliemcconnell/ttlock-auto-codes/IT/booking-site/.data/extras-requests.csv
added 0 (0 matched, 0 unmatched), 0 already imported, 0 late-matched
=== 2026-06-14 23:00:02 import-extras: exit 0
=== 2026-06-14 23:15:02 import-extras: node /Users/charliemcconnell/ttlock-auto-codes/IT/channel-manager/db/import-extras.mjs
read 2 rows from /Users/charliemcconnell/ttlock-auto-codes/IT/booking-site/.data/extras-requests.csv
added 0 (0 matched, 0 unmatched), 0 already imported, 0 late-matched
=== 2026-06-14 23:15:03 import-extras: exit 0
=== 2026-06-14 23:30:05 import-extras: node /Users/charliemcconnell/ttlock-auto-codes/IT/channel-manager/db/import-extras.mjs
read 2 rows from /Users/charliemcconnell/ttlock-auto-codes/IT/booking-site/.data/extras-requests.csv
added 0 (0 matched, 0 unmatched), 0 already imported, 0 late-matched
=== 2026-06-14 23:30:05 import-extras: exit 0
=== 2026-06-14 23:45:04 import-extras: node /Users/charliemcconnell/ttlock-auto-codes/IT/channel-manager/db/import-extras.mjs
read 2 rows from /Users/charliemcconnell/ttlock-auto-codes/IT/booking-site/.data/extras-requests.csv
added 0 (0 matched, 0 unmatched), 0 already imported, 0 late-matched
=== 2026-06-14 23:45:05 import-extras: exit 0
=== 2026-06-15 00:00:00 import-extras: node /Users/charliemcconnell/ttlock-auto-codes/IT/channel-manager/db/import-extras.mjs
read 2 rows from /Users/charliemcconnell/ttlock-auto-codes/IT/booking-site/.data/extras-requests.csv
added 0 (0 matched, 0 unmatched), 0 already imported, 0 late-matched
=== 2026-06-15 00:00:01 import-extras: exit 0
=== 2026-06-15 00:15:05 import-extras: node /Users/charliemcconnell/ttlock-auto-codes/IT/channel-manager/db/import-extras.mjs
read 2 rows from /Users/charliemcconnell/ttlock-auto-codes/IT/booking-site/.data/extras-requests.csv
added 0 (0 matched, 0 unmatched), 0 already imported, 0 late-matched
=== 2026-06-15 00:15:06 import-extras: exit 0
=== 2026-06-15 00:30:00 import-extras: node /Users/charliemcconnell/ttlock-auto-codes/IT/channel-manager/db/import-extras.mjs
read 2 rows from /Users/charliemcconnell/ttlock-auto-codes/IT/booking-site/.data/extras-requests.csv
added 0 (0 matched, 0 unmatched), 0 already imported, 0 late-matched
=== 2026-06-15 00:30:00 import-extras: exit 0
=== 2026-06-15 00:45:05 import-extras: node /Users/charliemcconnell/ttlock-auto-codes/IT/channel-manager/db/import-extras.mjs
read 2 rows from /Users/charliemcconnell/ttlock-auto-codes/IT/booking-site/.data/extras-requests.csv
added 0 (0 matched, 0 unmatched), 0 already imported, 0 late-matched
=== 2026-06-15 00:45:06 import-extras: exit 0
=== 2026-06-15 01:00:01 import-extras: node /Users/charliemcconnell/ttlock-auto-codes/IT/channel-manager/db/import-extras.mjs
read 2 rows from /Users/charliemcconnell/ttlock-auto-codes/IT/booking-site/.data/extras-requests.csv
added 0 (0 matched, 0 unmatched), 0 already imported, 0 late-matched
=== 2026-06-15 01:00:02 import-extras: exit 0
=== 2026-06-15 01:15:05 import-extras: node /Users/charliemcconnell/ttlock-auto-codes/IT/channel-manager/db/import-extras.mjs
read 2 rows from /Users/charliemcconnell/ttlock-auto-codes/IT/booking-site/.data/extras-requests.csv
added 0 (0 matched, 0 unmatched), 0 already imported, 0 late-matched
=== 2026-06-15 01:15:06 import-extras: exit 0
